manager/build/intermediates/manifest_merge_blame_file/debug/manifest-merger-blame-debug-report.txt
1<?xml version="1.0" encoding="utf-8"?>
2<manifest xmlns:android="http://schemas.android.com/apk/res/android"
3    package="moe.shizuku.privileged.api.debug"
4    android:versionCode="910"
5    android:versionName="12.13.0.r910.e9a4f48" >
6
7    <uses-sdk
8        android:minSdkVersion="23"
8-->src\main\AndroidManifest.xml
9        android:targetSdkVersion="32" />
9-->src\main\AndroidManifest.xml
10
11    <uses-permission android:name="android.permission.RECEIVE_BOOT_COMPLETED" />
11-->src\main\AndroidManifest.xml:6:5-81
11-->src\main\AndroidManifest.xml:6:22-78
12    <uses-permission android:name="android.permission.FOREGROUND_SERVICE" />
12-->src\main\AndroidManifest.xml:7:5-77
12-->src\main\AndroidManifest.xml:7:22-74
13    <uses-permission android:name="moe.shizuku.manager.permission.MANAGER" />
13-->src\main\AndroidManifest.xml:8:5-78
13-->src\main\AndroidManifest.xml:8:22-75
14    <uses-permission android:name="android.permission.INTERNET" />
14-->src\main\AndroidManifest.xml:9:5-67
14-->src\main\AndroidManifest.xml:9:22-64
15
16    <uses-feature
16-->src\main\AndroidManifest.xml:14:5-16:36
17        android:name="android.software.leanback"
17-->src\main\AndroidManifest.xml:15:9-49
18        android:required="false" />
18-->src\main\AndroidManifest.xml:16:9-33
19    <uses-feature
19-->src\main\AndroidManifest.xml:17:5-19:36
20        android:name="android.hardware.touchscreen"
20-->src\main\AndroidManifest.xml:18:9-52
21        android:required="false" />
21-->src\main\AndroidManifest.xml:19:9-33
22
23    <permission-group
23-->src\main\AndroidManifest.xml:21:5-25:58
24        android:name="moe.shizuku.manager.permission-group.debug.API"
24-->src\main\AndroidManifest.xml:22:9-70
25        android:description="@string/permission_group_description"
25-->src\main\AndroidManifest.xml:23:9-67
26        android:icon="@drawable/ic_system_icon"
26-->src\main\AndroidManifest.xml:24:9-48
27        android:label="@string/permission_group_label" />
27-->src\main\AndroidManifest.xml:25:9-55
28
29    <permission
29-->src\main\AndroidManifest.xml:27:5-29:47
30        android:name="moe.shizuku.manager.permission.debug.MANAGER"
30-->src\main\AndroidManifest.xml:28:9-68
31        android:protectionLevel="signature" />
31-->src\main\AndroidManifest.xml:29:9-44
32    <permission
32-->src\main\AndroidManifest.xml:30:5-36:47
33        android:name="moe.shizuku.manager.permission.debug.API_V23"
33-->src\main\AndroidManifest.xml:31:9-68
34        android:description="@string/permission_description"
34-->src\main\AndroidManifest.xml:32:9-61
35        android:icon="@drawable/ic_system_icon"
35-->src\main\AndroidManifest.xml:33:9-48
36        android:label="@string/permission_label"
36-->src\main\AndroidManifest.xml:34:9-49
37        android:permissionGroup="moe.shizuku.manager.permission-group.debug.API"
37-->src\main\AndroidManifest.xml:35:9-81
38        android:protectionLevel="dangerous" />
38-->src\main\AndroidManifest.xml:36:9-44
39    <permission
39-->[androidx.core:core:1.9.0] AndroidManifest.xml:22:5-24:47
40        android:name="moe.shizuku.privileged.api.debug.DYNAMIC_RECEIVER_NOT_EXPORTED_PERMISSION"
40-->[androidx.core:core:1.9.0] AndroidManifest.xml:23:9-81
41        android:protectionLevel="signature" />
41-->[androidx.core:core:1.9.0] AndroidManifest.xml:24:9-44
42
43    <uses-permission android:name="moe.shizuku.privileged.api.debug.DYNAMIC_RECEIVER_NOT_EXPORTED_PERMISSION" />
43-->[androidx.core:core:1.9.0] AndroidManifest.xml:26:5-97
43-->[androidx.core:core:1.9.0] AndroidManifest.xml:26:22-94
44
45    <application
45-->src\main\AndroidManifest.xml:38:5-162:19
46        android:name="moe.shizuku.manager.ShizukuApplication"
46-->src\main\AndroidManifest.xml:39:9-43
47        android:allowBackup="true"
47-->src\main\AndroidManifest.xml:40:9-35
48        android:appComponentFactory="androidx.core.app.CoreComponentFactory"
48-->[androidx.core:core:1.9.0] AndroidManifest.xml:28:18-86
49        android:autoRevokePermissions="allowed"
49-->src\main\AndroidManifest.xml:41:9-48
50        android:banner="@drawable/ic_launcher"
50-->src\main\AndroidManifest.xml:42:9-47
51        android:dataExtractionRules="@xml/data_extraction_rules"
51-->src\main\AndroidManifest.xml:43:9-65
52        android:debuggable="true"
53        android:directBootAware="true"
53-->src\main\AndroidManifest.xml:44:9-39
54        android:extractNativeLibs="true"
54-->src\main\AndroidManifest.xml:45:9-41
55        android:fullBackupContent="@xml/backup_descriptor"
55-->src\main\AndroidManifest.xml:46:9-59
56        android:icon="@drawable/ic_launcher"
56-->src\main\AndroidManifest.xml:47:9-45
57        android:label="@string/app_name"
57-->src\main\AndroidManifest.xml:48:9-41
58        android:localeConfig="@xml/locales_config"
58-->src\main\AndroidManifest.xml:49:9-51
59        android:supportsRtl="true"
59-->src\main\AndroidManifest.xml:50:9-35
60        android:testOnly="true"
61        android:theme="@style/AppTheme" >
61-->src\main\AndroidManifest.xml:51:9-40
62        <activity
62-->src\main\AndroidManifest.xml:55:9-65:20
63            android:name="moe.shizuku.manager.MainActivity"
63-->src\main\AndroidManifest.xml:56:13-41
64            android:banner="@mipmap/banner"
64-->src\main\AndroidManifest.xml:57:13-44
65            android:exported="true" >
65-->src\main\AndroidManifest.xml:58:13-36
66            <intent-filter>
66-->src\main\AndroidManifest.xml:59:13-64:29
67                <action android:name="android.intent.action.MAIN" />
67-->src\main\AndroidManifest.xml:60:17-69
67-->src\main\AndroidManifest.xml:60:25-66
68
69                <category android:name="android.intent.category.LAUNCHER" />
69-->src\main\AndroidManifest.xml:62:17-77
69-->src\main\AndroidManifest.xml:62:27-74
70                <category android:name="android.intent.category.LEANBACK_LAUNCHER" />
70-->src\main\AndroidManifest.xml:63:17-86
70-->src\main\AndroidManifest.xml:63:27-83
71            </intent-filter>
72        </activity>
73        <activity
73-->src\main\AndroidManifest.xml:66:9-68:65
74            android:name="moe.shizuku.manager.management.ApplicationManagementActivity"
74-->src\main\AndroidManifest.xml:67:13-69
75            android:label="@string/home_app_management_title" />
75-->src\main\AndroidManifest.xml:68:13-62
76        <activity
76-->src\main\AndroidManifest.xml:69:9-71:51
77            android:name="moe.shizuku.manager.adb.AdbPairingTutorialActivity"
77-->src\main\AndroidManifest.xml:70:13-59
78            android:label="@string/adb_pairing" />
78-->src\main\AndroidManifest.xml:71:13-48
79        <activity
79-->src\main\AndroidManifest.xml:72:9-74:59
80            android:name="moe.shizuku.manager.shell.ShellTutorialActivity"
80-->src\main\AndroidManifest.xml:73:13-56
81            android:label="@string/home_terminal_title" />
81-->src\main\AndroidManifest.xml:74:13-56
82        <activity
82-->src\main\AndroidManifest.xml:75:9-82:20
83            android:name="moe.shizuku.manager.settings.SettingsActivity"
83-->src\main\AndroidManifest.xml:76:13-54
84            android:exported="false"
84-->src\main\AndroidManifest.xml:77:13-37
85            android:label="@string/settings_title" >
85-->src\main\AndroidManifest.xml:78:13-51
86            <intent-filter>
86-->src\main\AndroidManifest.xml:79:13-81:29
87                <action android:name="android.intent.action.APPLICATION_PREFERENCES" />
87-->src\main\AndroidManifest.xml:80:17-88
87-->src\main\AndroidManifest.xml:80:25-85
88            </intent-filter>
89        </activity>
90        <activity
90-->src\main\AndroidManifest.xml:83:9-85:47
91            android:name="moe.shizuku.manager.starter.StarterActivity"
91-->src\main\AndroidManifest.xml:84:13-52
92            android:label="@string/starter" />
92-->src\main\AndroidManifest.xml:85:13-44
93        <activity
93-->src\main\AndroidManifest.xml:86:9-98:20
94            android:name="moe.shizuku.manager.authorization.RequestPermissionActivity"
94-->src\main\AndroidManifest.xml:87:13-68
95            android:directBootAware="true"
95-->src\main\AndroidManifest.xml:88:13-43
96            android:excludeFromRecents="true"
96-->src\main\AndroidManifest.xml:89:13-46
97            android:exported="true"
97-->src\main\AndroidManifest.xml:90:13-36
98            android:permission="android.permission.INTERACT_ACROSS_USERS_FULL"
98-->src\main\AndroidManifest.xml:91:13-79
99            android:theme="@style/GrantPermissions" >
99-->src\main\AndroidManifest.xml:92:13-52
100            <intent-filter>
100-->src\main\AndroidManifest.xml:93:13-97:29
101                <action android:name="moe.shizuku.privileged.api.debug.intent.action.REQUEST_PERMISSION" />
101-->src\main\AndroidManifest.xml:94:25-89
102
103                <category android:name="android.intent.category.DEFAULT" />
103-->src\main\AndroidManifest.xml:96:17-76
103-->src\main\AndroidManifest.xml:96:27-73
104            </intent-filter>
105        </activity>
106        <activity
106-->src\main\AndroidManifest.xml:99:9-110:20
107            android:name="moe.shizuku.manager.legacy.ShellRequestHandlerActivity"
107-->src\main\AndroidManifest.xml:100:13-63
108            android:directBootAware="true"
108-->src\main\AndroidManifest.xml:101:13-43
109            android:excludeFromRecents="true"
109-->src\main\AndroidManifest.xml:102:13-46
110            android:exported="true"
110-->src\main\AndroidManifest.xml:103:13-36
111            android:theme="@style/GrantPermissions" >
111-->src\main\AndroidManifest.xml:104:13-52
112            <intent-filter>
112-->src\main\AndroidManifest.xml:105:13-109:29
113                <action android:name="rikka.shizuku.intent.action.REQUEST_BINDER" />
113-->src\main\AndroidManifest.xml:106:17-85
113-->src\main\AndroidManifest.xml:106:25-82
114
115                <category android:name="android.intent.category.DEFAULT" />
115-->src\main\AndroidManifest.xml:96:17-76
115-->src\main\AndroidManifest.xml:96:27-73
116            </intent-filter>
117        </activity>
118        <activity
118-->src\main\AndroidManifest.xml:111:9-122:20
119            android:name="moe.shizuku.manager.legacy.LegacyIsNotSupportedActivity"
119-->src\main\AndroidManifest.xml:112:13-64
120            android:excludeFromRecents="true"
120-->src\main\AndroidManifest.xml:113:13-46
121            android:exported="true"
121-->src\main\AndroidManifest.xml:114:13-36
122            android:permission="moe.shizuku.manager.permission.API"
122-->src\main\AndroidManifest.xml:115:13-68
123            android:theme="@style/GrantPermissions" >
123-->src\main\AndroidManifest.xml:116:13-52
124            <intent-filter>
124-->src\main\AndroidManifest.xml:117:13-121:29
125                <action android:name="moe.shizuku.privileged.api.debug.intent.action.REQUEST_AUTHORIZATION" />
125-->src\main\AndroidManifest.xml:118:25-92
126
127                <category android:name="android.intent.category.DEFAULT" />
127-->src\main\AndroidManifest.xml:96:17-76
127-->src\main\AndroidManifest.xml:96:27-73
128            </intent-filter>
129        </activity>
130
131        <service
131-->src\main\AndroidManifest.xml:124:9-128:63
132            android:name="moe.shizuku.manager.adb.AdbPairingService"
132-->src\main\AndroidManifest.xml:125:13-50
133            android:enabled="true"
133-->src\main\AndroidManifest.xml:126:13-35
134            android:exported="false"
134-->src\main\AndroidManifest.xml:127:13-37
135            android:foregroundServiceType="connectedDevice" />
135-->src\main\AndroidManifest.xml:128:13-60
136
137        <receiver
137-->src\main\AndroidManifest.xml:130:9-141:20
138            android:name="moe.shizuku.manager.receiver.BootCompleteReceiver"
138-->src\main\AndroidManifest.xml:131:13-58
139            android:directBootAware="true"
139-->src\main\AndroidManifest.xml:132:13-43
140            android:enabled="true"
140-->src\main\AndroidManifest.xml:133:13-35
141            android:exported="true" >
141-->src\main\AndroidManifest.xml:134:13-36
142            <intent-filter>
142-->src\main\AndroidManifest.xml:135:13-137:29
143                <action android:name="android.intent.action.LOCKED_BOOT_COMPLETED" />
143-->src\main\AndroidManifest.xml:136:17-86
143-->src\main\AndroidManifest.xml:136:25-83
144            </intent-filter>
145            <intent-filter>
145-->src\main\AndroidManifest.xml:138:13-140:29
146                <action android:name="android.intent.action.BOOT_COMPLETED" />
146-->src\main\AndroidManifest.xml:139:17-79
146-->src\main\AndroidManifest.xml:139:25-76
147            </intent-filter>
148        </receiver>
149        <receiver
149-->src\main\AndroidManifest.xml:143:9-152:20
150            android:name="moe.shizuku.manager.receiver.ShizukuReceiver"
150-->src\main\AndroidManifest.xml:144:13-53
151            android:directBootAware="true"
151-->src\main\AndroidManifest.xml:145:13-43
152            android:enabled="true"
152-->src\main\AndroidManifest.xml:146:13-35
153            android:exported="true" >
153-->src\main\AndroidManifest.xml:147:13-36
154            <intent-filter>
154-->src\main\AndroidManifest.xml:149:13-151:29
155                <action android:name="rikka.shizuku.intent.action.REQUEST_BINDER" />
155-->src\main\AndroidManifest.xml:106:17-85
155-->src\main\AndroidManifest.xml:106:25-82
156            </intent-filter>
157        </receiver>
158
159        <provider
160            android:name="moe.shizuku.manager.ShizukuManagerProvider"
160-->src\main\AndroidManifest.xml:155:13-51
161            android:authorities="moe.shizuku.privileged.api.debug.shizuku"
161-->src\main\AndroidManifest.xml:156:13-59
162            android:directBootAware="true"
162-->src\main\AndroidManifest.xml:157:13-43
163            android:enabled="true"
163-->src\main\AndroidManifest.xml:158:13-35
164            android:exported="true"
164-->src\main\AndroidManifest.xml:159:13-36
165            android:multiprocess="false"
165-->src\main\AndroidManifest.xml:160:13-41
166            android:permission="android.permission.INTERACT_ACROSS_USERS_FULL" />
166-->src\main\AndroidManifest.xml:161:13-79
167
168        <uses-library
168-->[androidx.window:window:1.0.0] AndroidManifest.xml:25:9-27:40
169            android:name="androidx.window.extensions"
169-->[androidx.window:window:1.0.0] AndroidManifest.xml:26:13-54
170            android:required="false" />
170-->[androidx.window:window:1.0.0] AndroidManifest.xml:27:13-37
171        <uses-library
171-->[androidx.window:window:1.0.0] AndroidManifest.xml:28:9-30:40
172            android:name="androidx.window.sidecar"
172-->[androidx.window:window:1.0.0] AndroidManifest.xml:29:13-51
173            android:required="false" />
173-->[androidx.window:window:1.0.0] AndroidManifest.xml:30:13-37
174
175        <meta-data
175-->[:provider] AndroidManifest.xml:13:9-15:36
176            android:name="moe.shizuku.client.V3_SUPPORT"
176-->[:provider] AndroidManifest.xml:14:13-57
177            android:value="true" />
177-->[:provider] AndroidManifest.xml:15:13-33
178
179        <provider
179-->[androidx.emoji2:emoji2:1.2.0] AndroidManifest.xml:24:9-32:20
180            android:name="androidx.startup.InitializationProvider"
180-->[androidx.emoji2:emoji2:1.2.0] AndroidManifest.xml:25:13-67
181            android:authorities="moe.shizuku.privileged.api.debug.androidx-startup"
181-->[androidx.emoji2:emoji2:1.2.0] AndroidManifest.xml:26:13-68
182            android:exported="false" >
182-->[androidx.emoji2:emoji2:1.2.0] AndroidManifest.xml:27:13-37
183            <meta-data
183-->[androidx.emoji2:emoji2:1.2.0] AndroidManifest.xml:29:13-31:52
184                android:name="androidx.emoji2.text.EmojiCompatInitializer"
184-->[androidx.emoji2:emoji2:1.2.0] AndroidManifest.xml:30:17-75
185                android:value="androidx.startup" />
185-->[androidx.emoji2:emoji2:1.2.0] AndroidManifest.xml:31:17-49
186            <meta-data
186-->[androidx.lifecycle:lifecycle-process:2.4.1] AndroidManifest.xml:31:13-33:52
187                android:name="androidx.lifecycle.ProcessLifecycleInitializer"
187-->[androidx.lifecycle:lifecycle-process:2.4.1] AndroidManifest.xml:32:17-78
188                android:value="androidx.startup" />
188-->[androidx.lifecycle:lifecycle-process:2.4.1] AndroidManifest.xml:33:17-49
189        </provider>
190    </application>
191
192</manifest>